[debug] [2025-03-17T08:33:41.104Z] [Firebase Plugin] Activating Firebase extension.
[info] [Firebase Plugin] Checked firebase-tools, is up to date!
[debug] [2025-03-17T08:33:44.581Z] [Firebase Plugin] VSCode notification server listening on port 40001
[info] [Firebase Plugin] Starting Data Connect toolkit (version 1.8.5) on port 50001
[debug] [2025-03-17T08:33:45.794Z] 'fdc build' failed with error: Unable to build your Data Connect schema and connectors (exit code 1): E0317 09:33:45.791394   49848 cmd.go:43] Error loading data connect config: could not find dataconnect.yaml in `/Users/kunle/codes/component-library/dataconnect`
 {"metadata":{"emulator":{"name":"dataconnect"},"message":"'fdc build' failed with error: Unable to build your Data Connect schema and connectors (exit code 1): E0317 09:33:45.791394   49848 cmd.go:43] Error loading data connect config: could not find dataconnect.yaml in `/Users/kunle/codes/component-library/dataconnect`\n"}}
[debug] [2025-03-17T08:33:45.795Z] Ignoring unsupported arg: auto_download {"metadata":{"emulator":{"name":"dataconnect"},"message":"Ignoring unsupported arg: auto_download"}}
[debug] [2025-03-17T08:33:45.795Z] Ignoring unsupported arg: port {"metadata":{"emulator":{"name":"dataconnect"},"message":"Ignoring unsupported arg: port"}}
[debug] [2025-03-17T08:33:45.795Z] Starting Data Connect Emulator with command {"binary":"/Users/kunle/.cache/firebase/emulators/dataconnect-emulator-1.8.5","args":["--logtostderr","-v=2","dev","--listen=localhost:50001","--config_dir=/Users/kunle/codes/component-library/dataconnect","--enable_output_schema_extensions=true","--enable_output_generated_sdk=true"],"optionalArgs":["listen","config_dir","enable_output_schema_extensions","enable_output_generated_sdk"],"joinArgs":true,"shell":false,"port":9399} {"metadata":{"emulator":{"name":"dataconnect"},"message":"Starting Data Connect Emulator with command {\"binary\":\"/Users/kunle/.cache/firebase/emulators/dataconnect-emulator-1.8.5\",\"args\":[\"--logtostderr\",\"-v=2\",\"dev\",\"--listen=localhost:50001\",\"--config_dir=/Users/kunle/codes/component-library/dataconnect\",\"--enable_output_schema_extensions=true\",\"--enable_output_generated_sdk=true\"],\"optionalArgs\":[\"listen\",\"config_dir\",\"enable_output_schema_extensions\",\"enable_output_generated_sdk\"],\"joinArgs\":true,\"shell\":false,\"port\":9399}"}}
[info] i  dataconnect: Data Connect Emulator logging to dataconnect-debug.log {"metadata":{"emulator":{"name":"dataconnect"},"message":"Data Connect Emulator logging to dataconnect-debug.log"}}
[debug] [2025-03-17T08:33:46.033Z] E0317 09:33:46.031814   49850 load.go:23] Could not load config from "/Users/kunle/codes/component-library/dataconnect": could not find dataconnect.yaml in `/Users/kunle/codes/component-library/dataconnect`
 {"metadata":{"emulator":{"name":"dataconnect"},"message":"E0317 09:33:46.031814   49850 load.go:23] Could not load config from \"/Users/kunle/codes/component-library/dataconnect\": could not find dataconnect.yaml in `/Users/kunle/codes/component-library/dataconnect`\n"}}
[debug] [2025-03-17T08:33:46.036Z] E0317 09:33:46.036876   49850 watch.go:76] watchAllDir unable to walk dir `/Users/kunle/codes/component-library/dataconnect`: on path "/Users/kunle/codes/component-library/dataconnect" (DirEntry: <nil>): lstat /Users/kunle/codes/component-library/dataconnect: no such file or directory
 {"metadata":{"emulator":{"name":"dataconnect"},"message":"E0317 09:33:46.036876   49850 watch.go:76] watchAllDir unable to walk dir `/Users/kunle/codes/component-library/dataconnect`: on path \"/Users/kunle/codes/component-library/dataconnect\" (DirEntry: <nil>): lstat /Users/kunle/codes/component-library/dataconnect: no such file or directory\n"}}
[debug] [2025-03-17T08:33:46.040Z] I0317 09:33:46.040589   49850 dev.go:95] Listening on address (HTTP + gRPC): 127.0.0.1:50001
 {"metadata":{"emulator":{"name":"dataconnect"},"message":"I0317 09:33:46.040589   49850 dev.go:95] Listening on address (HTTP + gRPC): 127.0.0.1:50001\n"}}
[error] [Firebase Plugin] error:  {}
[debug] [2025-03-17T08:33:56.039Z] E0317 09:33:56.039053   49850 load.go:23] Could not load config from "/Users/kunle/codes/component-library/dataconnect": could not find dataconnect.yaml in `/Users/kunle/codes/component-library/dataconnect`
 {"metadata":{"emulator":{"name":"dataconnect"},"message":"E0317 09:33:56.039053   49850 load.go:23] Could not load config from \"/Users/kunle/codes/component-library/dataconnect\": could not find dataconnect.yaml in `/Users/kunle/codes/component-library/dataconnect`\n"}}
[debug] [2025-03-17T08:34:06.038Z] E0317 09:34:06.037880   49850 load.go:23] Could not load config from "/Users/kunle/codes/component-library/dataconnect": could not find dataconnect.yaml in `/Users/kunle/codes/component-library/dataconnect`
 {"metadata":{"emulator":{"name":"dataconnect"},"message":"E0317 09:34:06.037880   49850 load.go:23] Could not load config from \"/Users/kunle/codes/component-library/dataconnect\": could not find dataconnect.yaml in `/Users/kunle/codes/component-library/dataconnect`\n"}}
[info] [Firebase Plugin] Stopping Data Connect toolkit
[warn] ⚠  Data Connect Emulator has exited upon receiving signal: SIGINT 
[debug] [2025-03-17T08:34:19.372Z] [Firebase Plugin] Activating Firebase extension.
[info] [Firebase Plugin] Checked firebase-tools, is up to date!
[debug] [2025-03-17T08:34:21.640Z] [Firebase Plugin] VSCode notification server listening on port 40001
[info] [Firebase Plugin] Starting Data Connect toolkit (version 1.8.5) on port 50001
[debug] [2025-03-17T08:34:21.880Z] 'fdc build' failed with error: Unable to build your Data Connect schema and connectors (exit code 1): E0317 09:34:21.878196   50070 cmd.go:43] Error loading data connect config: could not find dataconnect.yaml in `/Users/kunle/codes/component-library/dataconnect`
 {"metadata":{"emulator":{"name":"dataconnect"},"message":"'fdc build' failed with error: Unable to build your Data Connect schema and connectors (exit code 1): E0317 09:34:21.878196   50070 cmd.go:43] Error loading data connect config: could not find dataconnect.yaml in `/Users/kunle/codes/component-library/dataconnect`\n"}}
[debug] [2025-03-17T08:34:21.881Z] Ignoring unsupported arg: auto_download {"metadata":{"emulator":{"name":"dataconnect"},"message":"Ignoring unsupported arg: auto_download"}}
[debug] [2025-03-17T08:34:21.881Z] Ignoring unsupported arg: port {"metadata":{"emulator":{"name":"dataconnect"},"message":"Ignoring unsupported arg: port"}}
[debug] [2025-03-17T08:34:21.881Z] Starting Data Connect Emulator with command {"binary":"/Users/kunle/.cache/firebase/emulators/dataconnect-emulator-1.8.5","args":["--logtostderr","-v=2","dev","--listen=localhost:50001","--config_dir=/Users/kunle/codes/component-library/dataconnect","--enable_output_schema_extensions=true","--enable_output_generated_sdk=true"],"optionalArgs":["listen","config_dir","enable_output_schema_extensions","enable_output_generated_sdk"],"joinArgs":true,"shell":false,"port":9399} {"metadata":{"emulator":{"name":"dataconnect"},"message":"Starting Data Connect Emulator with command {\"binary\":\"/Users/kunle/.cache/firebase/emulators/dataconnect-emulator-1.8.5\",\"args\":[\"--logtostderr\",\"-v=2\",\"dev\",\"--listen=localhost:50001\",\"--config_dir=/Users/kunle/codes/component-library/dataconnect\",\"--enable_output_schema_extensions=true\",\"--enable_output_generated_sdk=true\"],\"optionalArgs\":[\"listen\",\"config_dir\",\"enable_output_schema_extensions\",\"enable_output_generated_sdk\"],\"joinArgs\":true,\"shell\":false,\"port\":9399}"}}
[info] i  dataconnect: Data Connect Emulator logging to dataconnect-debug.log {"metadata":{"emulator":{"name":"dataconnect"},"message":"Data Connect Emulator logging to dataconnect-debug.log"}}
[debug] [2025-03-17T08:34:21.999Z] E0317 09:34:21.997980   50075 load.go:23] Could not load config from "/Users/kunle/codes/component-library/dataconnect": could not find dataconnect.yaml in `/Users/kunle/codes/component-library/dataconnect`
 {"metadata":{"emulator":{"name":"dataconnect"},"message":"E0317 09:34:21.997980   50075 load.go:23] Could not load config from \"/Users/kunle/codes/component-library/dataconnect\": could not find dataconnect.yaml in `/Users/kunle/codes/component-library/dataconnect`\n"}}
[debug] [2025-03-17T08:34:22.001Z] E0317 09:34:22.001769   50075 watch.go:76] watchAllDir unable to walk dir `/Users/kunle/codes/component-library/dataconnect`: on path "/Users/kunle/codes/component-library/dataconnect" (DirEntry: <nil>): lstat /Users/kunle/codes/component-library/dataconnect: no such file or directory
 {"metadata":{"emulator":{"name":"dataconnect"},"message":"E0317 09:34:22.001769   50075 watch.go:76] watchAllDir unable to walk dir `/Users/kunle/codes/component-library/dataconnect`: on path \"/Users/kunle/codes/component-library/dataconnect\" (DirEntry: <nil>): lstat /Users/kunle/codes/component-library/dataconnect: no such file or directory\n"}}
[debug] [2025-03-17T08:34:22.003Z] I0317 09:34:22.003511   50075 dev.go:95] Listening on address (HTTP + gRPC): 127.0.0.1:50001
 {"metadata":{"emulator":{"name":"dataconnect"},"message":"I0317 09:34:22.003511   50075 dev.go:95] Listening on address (HTTP + gRPC): 127.0.0.1:50001\n"}}
[error] [Firebase Plugin] error:  {}
[debug] [2025-03-17T08:34:32.004Z] E0317 09:34:32.003699   50075 load.go:23] Could not load config from "/Users/kunle/codes/component-library/dataconnect": could not find dataconnect.yaml in `/Users/kunle/codes/component-library/dataconnect`
 {"metadata":{"emulator":{"name":"dataconnect"},"message":"E0317 09:34:32.003699   50075 load.go:23] Could not load config from \"/Users/kunle/codes/component-library/dataconnect\": could not find dataconnect.yaml in `/Users/kunle/codes/component-library/dataconnect`\n"}}
[debug] [2025-03-17T08:34:42.003Z] E0317 09:34:42.002938   50075 load.go:23] Could not load config from "/Users/kunle/codes/component-library/dataconnect": could not find dataconnect.yaml in `/Users/kunle/codes/component-library/dataconnect`
 {"metadata":{"emulator":{"name":"dataconnect"},"message":"E0317 09:34:42.002938   50075 load.go:23] Could not load config from \"/Users/kunle/codes/component-library/dataconnect\": could not find dataconnect.yaml in `/Users/kunle/codes/component-library/dataconnect`\n"}}
[debug] [2025-03-17T08:34:52.003Z] E0317 09:34:52.002917   50075 load.go:23] Could not load config from "/Users/kunle/codes/component-library/dataconnect": could not find dataconnect.yaml in `/Users/kunle/codes/component-library/dataconnect`
 {"metadata":{"emulator":{"name":"dataconnect"},"message":"E0317 09:34:52.002917   50075 load.go:23] Could not load config from \"/Users/kunle/codes/component-library/dataconnect\": could not find dataconnect.yaml in `/Users/kunle/codes/component-library/dataconnect`\n"}}
[info] [Firebase Plugin] Stopping Data Connect toolkit
[warn] ⚠  Data Connect Emulator has exited upon receiving signal: SIGINT 
[debug] [2025-03-17T10:00:30.182Z] [Firebase Plugin] Activating Firebase extension.
[info] [Firebase Plugin] Checked firebase-tools, is up to date!
[debug] [2025-03-17T10:00:32.963Z] [Firebase Plugin] VSCode notification server listening on port 40001
[info] [Firebase Plugin] Starting Data Connect toolkit (version 1.8.5) on port 50001
[debug] [2025-03-17T10:00:34.561Z] 'fdc build' failed with error: Unable to build your Data Connect schema and connectors (exit code 1): E0317 11:00:34.558730   56610 cmd.go:43] Error loading data connect config: could not find dataconnect.yaml in `/Users/kunle/codes/component-library/dataconnect`
 {"metadata":{"emulator":{"name":"dataconnect"},"message":"'fdc build' failed with error: Unable to build your Data Connect schema and connectors (exit code 1): E0317 11:00:34.558730   56610 cmd.go:43] Error loading data connect config: could not find dataconnect.yaml in `/Users/kunle/codes/component-library/dataconnect`\n"}}
[debug] [2025-03-17T10:00:34.561Z] Ignoring unsupported arg: auto_download {"metadata":{"emulator":{"name":"dataconnect"},"message":"Ignoring unsupported arg: auto_download"}}
[debug] [2025-03-17T10:00:34.561Z] Ignoring unsupported arg: port {"metadata":{"emulator":{"name":"dataconnect"},"message":"Ignoring unsupported arg: port"}}
[debug] [2025-03-17T10:00:34.561Z] Starting Data Connect Emulator with command {"binary":"/Users/kunle/.cache/firebase/emulators/dataconnect-emulator-1.8.5","args":["--logtostderr","-v=2","dev","--listen=localhost:50001","--config_dir=/Users/kunle/codes/component-library/dataconnect","--enable_output_schema_extensions=true","--enable_output_generated_sdk=true"],"optionalArgs":["listen","config_dir","enable_output_schema_extensions","enable_output_generated_sdk"],"joinArgs":true,"shell":false,"port":9399} {"metadata":{"emulator":{"name":"dataconnect"},"message":"Starting Data Connect Emulator with command {\"binary\":\"/Users/kunle/.cache/firebase/emulators/dataconnect-emulator-1.8.5\",\"args\":[\"--logtostderr\",\"-v=2\",\"dev\",\"--listen=localhost:50001\",\"--config_dir=/Users/kunle/codes/component-library/dataconnect\",\"--enable_output_schema_extensions=true\",\"--enable_output_generated_sdk=true\"],\"optionalArgs\":[\"listen\",\"config_dir\",\"enable_output_schema_extensions\",\"enable_output_generated_sdk\"],\"joinArgs\":true,\"shell\":false,\"port\":9399}"}}
[info] i  dataconnect: Data Connect Emulator logging to dataconnect-debug.log {"metadata":{"emulator":{"name":"dataconnect"},"message":"Data Connect Emulator logging to dataconnect-debug.log"}}
[debug] [2025-03-17T10:00:34.731Z] E0317 11:00:34.723195   56612 load.go:23] Could not load config from "/Users/kunle/codes/component-library/dataconnect": could not find dataconnect.yaml in `/Users/kunle/codes/component-library/dataconnect`
E0317 11:00:34.727427   56612 watch.go:76] watchAllDir unable to walk dir `/Users/kunle/codes/component-library/dataconnect`: on path "/Users/kunle/codes/component-library/dataconnect" (DirEntry: <nil>): lstat /Users/kunle/codes/component-library/dataconnect: no such file or directory
I0317 11:00:34.729942   56612 dev.go:95] Listening on address (HTTP + gRPC): 127.0.0.1:50001
 {"metadata":{"emulator":{"name":"dataconnect"},"message":"E0317 11:00:34.723195   56612 load.go:23] Could not load config from \"/Users/kunle/codes/component-library/dataconnect\": could not find dataconnect.yaml in `/Users/kunle/codes/component-library/dataconnect`\nE0317 11:00:34.727427   56612 watch.go:76] watchAllDir unable to walk dir `/Users/kunle/codes/component-library/dataconnect`: on path \"/Users/kunle/codes/component-library/dataconnect\" (DirEntry: <nil>): lstat /Users/kunle/codes/component-library/dataconnect: no such file or directory\nI0317 11:00:34.729942   56612 dev.go:95] Listening on address (HTTP + gRPC): 127.0.0.1:50001\n"}}
[error] [Firebase Plugin] error:  {}
[debug] [2025-03-17T10:00:44.731Z] E0317 11:00:44.730915   56612 load.go:23] Could not load config from "/Users/kunle/codes/component-library/dataconnect": could not find dataconnect.yaml in `/Users/kunle/codes/component-library/dataconnect`
 {"metadata":{"emulator":{"name":"dataconnect"},"message":"E0317 11:00:44.730915   56612 load.go:23] Could not load config from \"/Users/kunle/codes/component-library/dataconnect\": could not find dataconnect.yaml in `/Users/kunle/codes/component-library/dataconnect`\n"}}
[debug] [2025-03-17T10:00:54.729Z] E0317 11:00:54.729289   56612 load.go:23] Could not load config from "/Users/kunle/codes/component-library/dataconnect": could not find dataconnect.yaml in `/Users/kunle/codes/component-library/dataconnect`
 {"metadata":{"emulator":{"name":"dataconnect"},"message":"E0317 11:00:54.729289   56612 load.go:23] Could not load config from \"/Users/kunle/codes/component-library/dataconnect\": could not find dataconnect.yaml in `/Users/kunle/codes/component-library/dataconnect`\n"}}
[debug] [2025-03-17T10:01:04.730Z] E0317 11:01:04.729150   56612 load.go:23] Could not load config from "/Users/kunle/codes/component-library/dataconnect": could not find dataconnect.yaml in `/Users/kunle/codes/component-library/dataconnect`
 {"metadata":{"emulator":{"name":"dataconnect"},"message":"E0317 11:01:04.729150   56612 load.go:23] Could not load config from \"/Users/kunle/codes/component-library/dataconnect\": could not find dataconnect.yaml in `/Users/kunle/codes/component-library/dataconnect`\n"}}
[info] [Firebase Plugin] Stopping Data Connect toolkit
[warn] ⚠  Data Connect Emulator has exited upon receiving signal: SIGINT 
[debug] [2025-03-17T10:03:35.009Z] [Firebase Plugin] Activating Firebase extension.
[info] [Firebase Plugin] Checked firebase-tools, is up to date!
[debug] [2025-03-17T10:03:37.981Z] [Firebase Plugin] VSCode notification server listening on port 40001
[info] [Firebase Plugin] Starting Data Connect toolkit (version 1.8.5) on port 50001
[debug] [2025-03-17T10:03:38.361Z] 'fdc build' failed with error: Unable to build your Data Connect schema and connectors (exit code 1): E0317 11:03:38.357981   57375 cmd.go:43] Error loading data connect config: could not find dataconnect.yaml in `/Users/kunle/codes/component-library/dataconnect`
 {"metadata":{"emulator":{"name":"dataconnect"},"message":"'fdc build' failed with error: Unable to build your Data Connect schema and connectors (exit code 1): E0317 11:03:38.357981   57375 cmd.go:43] Error loading data connect config: could not find dataconnect.yaml in `/Users/kunle/codes/component-library/dataconnect`\n"}}
[debug] [2025-03-17T10:03:38.362Z] Ignoring unsupported arg: auto_download {"metadata":{"emulator":{"name":"dataconnect"},"message":"Ignoring unsupported arg: auto_download"}}
[debug] [2025-03-17T10:03:38.362Z] Ignoring unsupported arg: port {"metadata":{"emulator":{"name":"dataconnect"},"message":"Ignoring unsupported arg: port"}}
[debug] [2025-03-17T10:03:38.362Z] Starting Data Connect Emulator with command {"binary":"/Users/kunle/.cache/firebase/emulators/dataconnect-emulator-1.8.5","args":["--logtostderr","-v=2","dev","--listen=localhost:50001","--config_dir=/Users/kunle/codes/component-library/dataconnect","--enable_output_schema_extensions=true","--enable_output_generated_sdk=true"],"optionalArgs":["listen","config_dir","enable_output_schema_extensions","enable_output_generated_sdk"],"joinArgs":true,"shell":false,"port":9399} {"metadata":{"emulator":{"name":"dataconnect"},"message":"Starting Data Connect Emulator with command {\"binary\":\"/Users/kunle/.cache/firebase/emulators/dataconnect-emulator-1.8.5\",\"args\":[\"--logtostderr\",\"-v=2\",\"dev\",\"--listen=localhost:50001\",\"--config_dir=/Users/kunle/codes/component-library/dataconnect\",\"--enable_output_schema_extensions=true\",\"--enable_output_generated_sdk=true\"],\"optionalArgs\":[\"listen\",\"config_dir\",\"enable_output_schema_extensions\",\"enable_output_generated_sdk\"],\"joinArgs\":true,\"shell\":false,\"port\":9399}"}}
[info] i  dataconnect: Data Connect Emulator logging to dataconnect-debug.log {"metadata":{"emulator":{"name":"dataconnect"},"message":"Data Connect Emulator logging to dataconnect-debug.log"}}
[debug] [2025-03-17T10:03:38.557Z] E0317 11:03:38.549640   57376 load.go:23] Could not load config from "/Users/kunle/codes/component-library/dataconnect": could not find dataconnect.yaml in `/Users/kunle/codes/component-library/dataconnect`
E0317 11:03:38.554470   57376 watch.go:76] watchAllDir unable to walk dir `/Users/kunle/codes/component-library/dataconnect`: on path "/Users/kunle/codes/component-library/dataconnect" (DirEntry: <nil>): lstat /Users/kunle/codes/component-library/dataconnect: no such file or directory
 {"metadata":{"emulator":{"name":"dataconnect"},"message":"E0317 11:03:38.549640   57376 load.go:23] Could not load config from \"/Users/kunle/codes/component-library/dataconnect\": could not find dataconnect.yaml in `/Users/kunle/codes/component-library/dataconnect`\nE0317 11:03:38.554470   57376 watch.go:76] watchAllDir unable to walk dir `/Users/kunle/codes/component-library/dataconnect`: on path \"/Users/kunle/codes/component-library/dataconnect\" (DirEntry: <nil>): lstat /Users/kunle/codes/component-library/dataconnect: no such file or directory\n"}}
[debug] [2025-03-17T10:03:38.563Z] I0317 11:03:38.559321   57376 dev.go:95] Listening on address (HTTP + gRPC): 127.0.0.1:50001
 {"metadata":{"emulator":{"name":"dataconnect"},"message":"I0317 11:03:38.559321   57376 dev.go:95] Listening on address (HTTP + gRPC): 127.0.0.1:50001\n"}}
[error] [Firebase Plugin] error:  {}
[debug] [2025-03-17T10:03:48.558Z] E0317 11:03:48.557713   57376 load.go:23] Could not load config from "/Users/kunle/codes/component-library/dataconnect": could not find dataconnect.yaml in `/Users/kunle/codes/component-library/dataconnect`
 {"metadata":{"emulator":{"name":"dataconnect"},"message":"E0317 11:03:48.557713   57376 load.go:23] Could not load config from \"/Users/kunle/codes/component-library/dataconnect\": could not find dataconnect.yaml in `/Users/kunle/codes/component-library/dataconnect`\n"}}
[debug] [2025-03-17T10:03:58.555Z] E0317 11:03:58.555198   57376 load.go:23] Could not load config from "/Users/kunle/codes/component-library/dataconnect": could not find dataconnect.yaml in `/Users/kunle/codes/component-library/dataconnect`
 {"metadata":{"emulator":{"name":"dataconnect"},"message":"E0317 11:03:58.555198   57376 load.go:23] Could not load config from \"/Users/kunle/codes/component-library/dataconnect\": could not find dataconnect.yaml in `/Users/kunle/codes/component-library/dataconnect`\n"}}
[debug] [2025-03-17T10:04:08.556Z] E0317 11:04:08.556096   57376 load.go:23] Could not load config from "/Users/kunle/codes/component-library/dataconnect": could not find dataconnect.yaml in `/Users/kunle/codes/component-library/dataconnect`
 {"metadata":{"emulator":{"name":"dataconnect"},"message":"E0317 11:04:08.556096   57376 load.go:23] Could not load config from \"/Users/kunle/codes/component-library/dataconnect\": could not find dataconnect.yaml in `/Users/kunle/codes/component-library/dataconnect`\n"}}
[debug] [2025-03-17T10:04:18.560Z] E0317 11:04:18.556454   57376 load.go:23] Could not load config from "/Users/kunle/codes/component-library/dataconnect": could not find dataconnect.yaml in `/Users/kunle/codes/component-library/dataconnect`
 {"metadata":{"emulator":{"name":"dataconnect"},"message":"E0317 11:04:18.556454   57376 load.go:23] Could not load config from \"/Users/kunle/codes/component-library/dataconnect\": could not find dataconnect.yaml in `/Users/kunle/codes/component-library/dataconnect`\n"}}
[debug] [2025-03-17T10:04:28.556Z] E0317 11:04:28.556345   57376 load.go:23] Could not load config from "/Users/kunle/codes/component-library/dataconnect": could not find dataconnect.yaml in `/Users/kunle/codes/component-library/dataconnect`
 {"metadata":{"emulator":{"name":"dataconnect"},"message":"E0317 11:04:28.556345   57376 load.go:23] Could not load config from \"/Users/kunle/codes/component-library/dataconnect\": could not find dataconnect.yaml in `/Users/kunle/codes/component-library/dataconnect`\n"}}
[debug] [2025-03-17T10:04:38.556Z] E0317 11:04:38.556588   57376 load.go:23] Could not load config from "/Users/kunle/codes/component-library/dataconnect": could not find dataconnect.yaml in `/Users/kunle/codes/component-library/dataconnect`
 {"metadata":{"emulator":{"name":"dataconnect"},"message":"E0317 11:04:38.556588   57376 load.go:23] Could not load config from \"/Users/kunle/codes/component-library/dataconnect\": could not find dataconnect.yaml in `/Users/kunle/codes/component-library/dataconnect`\n"}}
[debug] [2025-03-17T10:04:48.557Z] E0317 11:04:48.556811   57376 load.go:23] Could not load config from "/Users/kunle/codes/component-library/dataconnect": could not find dataconnect.yaml in `/Users/kunle/codes/component-library/dataconnect`
 {"metadata":{"emulator":{"name":"dataconnect"},"message":"E0317 11:04:48.556811   57376 load.go:23] Could not load config from \"/Users/kunle/codes/component-library/dataconnect\": could not find dataconnect.yaml in `/Users/kunle/codes/component-library/dataconnect`\n"}}
[debug] [2025-03-17T10:04:58.557Z] E0317 11:04:58.557149   57376 load.go:23] Could not load config from "/Users/kunle/codes/component-library/dataconnect": could not find dataconnect.yaml in `/Users/kunle/codes/component-library/dataconnect`
 {"metadata":{"emulator":{"name":"dataconnect"},"message":"E0317 11:04:58.557149   57376 load.go:23] Could not load config from \"/Users/kunle/codes/component-library/dataconnect\": could not find dataconnect.yaml in `/Users/kunle/codes/component-library/dataconnect`\n"}}
[info] [Firebase Plugin] Stopping Data Connect toolkit
[warn] ⚠  Data Connect Emulator has exited upon receiving signal: SIGINT 
[debug] [2025-03-17T10:05:05.951Z] [Firebase Plugin] Activating Firebase extension.
[info] [Firebase Plugin] Checked firebase-tools, is up to date!
[debug] [2025-03-17T10:05:08.583Z] [Firebase Plugin] VSCode notification server listening on port 40001
[info] [Firebase Plugin] Starting Data Connect toolkit (version 1.8.5) on port 50001
[debug] [2025-03-17T10:05:08.806Z] 'fdc build' failed with error: Unable to build your Data Connect schema and connectors (exit code 1): E0317 11:05:08.803376   57823 cmd.go:43] Error loading data connect config: could not find dataconnect.yaml in `/Users/kunle/codes/component-library/dataconnect`
 {"metadata":{"emulator":{"name":"dataconnect"},"message":"'fdc build' failed with error: Unable to build your Data Connect schema and connectors (exit code 1): E0317 11:05:08.803376   57823 cmd.go:43] Error loading data connect config: could not find dataconnect.yaml in `/Users/kunle/codes/component-library/dataconnect`\n"}}
[debug] [2025-03-17T10:05:08.806Z] Ignoring unsupported arg: auto_download {"metadata":{"emulator":{"name":"dataconnect"},"message":"Ignoring unsupported arg: auto_download"}}
[debug] [2025-03-17T10:05:08.806Z] Ignoring unsupported arg: port {"metadata":{"emulator":{"name":"dataconnect"},"message":"Ignoring unsupported arg: port"}}
[debug] [2025-03-17T10:05:08.806Z] Starting Data Connect Emulator with command {"binary":"/Users/kunle/.cache/firebase/emulators/dataconnect-emulator-1.8.5","args":["--logtostderr","-v=2","dev","--listen=localhost:50001","--config_dir=/Users/kunle/codes/component-library/dataconnect","--enable_output_schema_extensions=true","--enable_output_generated_sdk=true"],"optionalArgs":["listen","config_dir","enable_output_schema_extensions","enable_output_generated_sdk"],"joinArgs":true,"shell":false,"port":9399} {"metadata":{"emulator":{"name":"dataconnect"},"message":"Starting Data Connect Emulator with command {\"binary\":\"/Users/kunle/.cache/firebase/emulators/dataconnect-emulator-1.8.5\",\"args\":[\"--logtostderr\",\"-v=2\",\"dev\",\"--listen=localhost:50001\",\"--config_dir=/Users/kunle/codes/component-library/dataconnect\",\"--enable_output_schema_extensions=true\",\"--enable_output_generated_sdk=true\"],\"optionalArgs\":[\"listen\",\"config_dir\",\"enable_output_schema_extensions\",\"enable_output_generated_sdk\"],\"joinArgs\":true,\"shell\":false,\"port\":9399}"}}
[info] i  dataconnect: Data Connect Emulator logging to dataconnect-debug.log {"metadata":{"emulator":{"name":"dataconnect"},"message":"Data Connect Emulator logging to dataconnect-debug.log"}}
[debug] [2025-03-17T10:05:08.923Z] E0317 11:05:08.922482   57825 load.go:23] Could not load config from "/Users/kunle/codes/component-library/dataconnect": could not find dataconnect.yaml in `/Users/kunle/codes/component-library/dataconnect`
 {"metadata":{"emulator":{"name":"dataconnect"},"message":"E0317 11:05:08.922482   57825 load.go:23] Could not load config from \"/Users/kunle/codes/component-library/dataconnect\": could not find dataconnect.yaml in `/Users/kunle/codes/component-library/dataconnect`\n"}}
[debug] [2025-03-17T10:05:08.926Z] E0317 11:05:08.926302   57825 watch.go:76] watchAllDir unable to walk dir `/Users/kunle/codes/component-library/dataconnect`: on path "/Users/kunle/codes/component-library/dataconnect" (DirEntry: <nil>): lstat /Users/kunle/codes/component-library/dataconnect: no such file or directory
 {"metadata":{"emulator":{"name":"dataconnect"},"message":"E0317 11:05:08.926302   57825 watch.go:76] watchAllDir unable to walk dir `/Users/kunle/codes/component-library/dataconnect`: on path \"/Users/kunle/codes/component-library/dataconnect\" (DirEntry: <nil>): lstat /Users/kunle/codes/component-library/dataconnect: no such file or directory\n"}}
[debug] [2025-03-17T10:05:08.928Z] I0317 11:05:08.928183   57825 dev.go:95] Listening on address (HTTP + gRPC): 127.0.0.1:50001
 {"metadata":{"emulator":{"name":"dataconnect"},"message":"I0317 11:05:08.928183   57825 dev.go:95] Listening on address (HTTP + gRPC): 127.0.0.1:50001\n"}}
[error] [Firebase Plugin] error:  {}
[debug] [2025-03-17T10:05:18.928Z] E0317 11:05:18.928183   57825 load.go:23] Could not load config from "/Users/kunle/codes/component-library/dataconnect": could not find dataconnect.yaml in `/Users/kunle/codes/component-library/dataconnect`
 {"metadata":{"emulator":{"name":"dataconnect"},"message":"E0317 11:05:18.928183   57825 load.go:23] Could not load config from \"/Users/kunle/codes/component-library/dataconnect\": could not find dataconnect.yaml in `/Users/kunle/codes/component-library/dataconnect`\n"}}
[info] [Firebase Plugin] Stopping Data Connect toolkit
[warn] ⚠  Data Connect Emulator has exited upon receiving signal: SIGINT 
[debug] [2025-03-17T10:05:47.986Z] [Firebase Plugin] Activating Firebase extension.
[info] [Firebase Plugin] Checked firebase-tools, is up to date!
[debug] [2025-03-17T10:05:50.621Z] [Firebase Plugin] VSCode notification server listening on port 40001
[info] [Firebase Plugin] Starting Data Connect toolkit (version 1.8.5) on port 50001
[debug] [2025-03-17T10:05:51.077Z] 'fdc build' failed with error: Unable to build your Data Connect schema and connectors (exit code 1): E0317 11:05:51.072397   58018 cmd.go:43] Error loading data connect config: could not find dataconnect.yaml in `/Users/kunle/codes/component-library/dataconnect`
 {"metadata":{"emulator":{"name":"dataconnect"},"message":"'fdc build' failed with error: Unable to build your Data Connect schema and connectors (exit code 1): E0317 11:05:51.072397   58018 cmd.go:43] Error loading data connect config: could not find dataconnect.yaml in `/Users/kunle/codes/component-library/dataconnect`\n"}}
[debug] [2025-03-17T10:05:51.078Z] Ignoring unsupported arg: auto_download {"metadata":{"emulator":{"name":"dataconnect"},"message":"Ignoring unsupported arg: auto_download"}}
[debug] [2025-03-17T10:05:51.078Z] Ignoring unsupported arg: port {"metadata":{"emulator":{"name":"dataconnect"},"message":"Ignoring unsupported arg: port"}}
[debug] [2025-03-17T10:05:51.078Z] Starting Data Connect Emulator with command {"binary":"/Users/kunle/.cache/firebase/emulators/dataconnect-emulator-1.8.5","args":["--logtostderr","-v=2","dev","--listen=localhost:50001","--config_dir=/Users/kunle/codes/component-library/dataconnect","--enable_output_schema_extensions=true","--enable_output_generated_sdk=true"],"optionalArgs":["listen","config_dir","enable_output_schema_extensions","enable_output_generated_sdk"],"joinArgs":true,"shell":false,"port":9399} {"metadata":{"emulator":{"name":"dataconnect"},"message":"Starting Data Connect Emulator with command {\"binary\":\"/Users/kunle/.cache/firebase/emulators/dataconnect-emulator-1.8.5\",\"args\":[\"--logtostderr\",\"-v=2\",\"dev\",\"--listen=localhost:50001\",\"--config_dir=/Users/kunle/codes/component-library/dataconnect\",\"--enable_output_schema_extensions=true\",\"--enable_output_generated_sdk=true\"],\"optionalArgs\":[\"listen\",\"config_dir\",\"enable_output_schema_extensions\",\"enable_output_generated_sdk\"],\"joinArgs\":true,\"shell\":false,\"port\":9399}"}}
[info] i  dataconnect: Data Connect Emulator logging to dataconnect-debug.log {"metadata":{"emulator":{"name":"dataconnect"},"message":"Data Connect Emulator logging to dataconnect-debug.log"}}
[debug] [2025-03-17T10:05:51.229Z] E0317 11:05:51.228045   58019 load.go:23] Could not load config from "/Users/kunle/codes/component-library/dataconnect": could not find dataconnect.yaml in `/Users/kunle/codes/component-library/dataconnect`
 {"metadata":{"emulator":{"name":"dataconnect"},"message":"E0317 11:05:51.228045   58019 load.go:23] Could not load config from \"/Users/kunle/codes/component-library/dataconnect\": could not find dataconnect.yaml in `/Users/kunle/codes/component-library/dataconnect`\n"}}
[debug] [2025-03-17T10:05:51.239Z] E0317 11:05:51.236060   58019 watch.go:76] watchAllDir unable to walk dir `/Users/kunle/codes/component-library/dataconnect`: on path "/Users/kunle/codes/component-library/dataconnect" (DirEntry: <nil>): lstat /Users/kunle/codes/component-library/dataconnect: no such file or directory
 {"metadata":{"emulator":{"name":"dataconnect"},"message":"E0317 11:05:51.236060   58019 watch.go:76] watchAllDir unable to walk dir `/Users/kunle/codes/component-library/dataconnect`: on path \"/Users/kunle/codes/component-library/dataconnect\" (DirEntry: <nil>): lstat /Users/kunle/codes/component-library/dataconnect: no such file or directory\n"}}
[debug] [2025-03-17T10:05:51.244Z] I0317 11:05:51.244059   58019 dev.go:95] Listening on address (HTTP + gRPC): 127.0.0.1:50001
 {"metadata":{"emulator":{"name":"dataconnect"},"message":"I0317 11:05:51.244059   58019 dev.go:95] Listening on address (HTTP + gRPC): 127.0.0.1:50001\n"}}
[error] [Firebase Plugin] error:  {}
[debug] [2025-03-17T10:06:01.240Z] E0317 11:06:01.240213   58019 load.go:23] Could not load config from "/Users/kunle/codes/component-library/dataconnect": could not find dataconnect.yaml in `/Users/kunle/codes/component-library/dataconnect`
 {"metadata":{"emulator":{"name":"dataconnect"},"message":"E0317 11:06:01.240213   58019 load.go:23] Could not load config from \"/Users/kunle/codes/component-library/dataconnect\": could not find dataconnect.yaml in `/Users/kunle/codes/component-library/dataconnect`\n"}}
[debug] [2025-03-17T10:06:11.240Z] E0317 11:06:11.240506   58019 load.go:23] Could not load config from "/Users/kunle/codes/component-library/dataconnect": could not find dataconnect.yaml in `/Users/kunle/codes/component-library/dataconnect`
 {"metadata":{"emulator":{"name":"dataconnect"},"message":"E0317 11:06:11.240506   58019 load.go:23] Could not load config from \"/Users/kunle/codes/component-library/dataconnect\": could not find dataconnect.yaml in `/Users/kunle/codes/component-library/dataconnect`\n"}}
[debug] [2025-03-17T10:06:21.242Z] E0317 11:06:21.240621   58019 load.go:23] Could not load config from "/Users/kunle/codes/component-library/dataconnect": could not find dataconnect.yaml in `/Users/kunle/codes/component-library/dataconnect`
 {"metadata":{"emulator":{"name":"dataconnect"},"message":"E0317 11:06:21.240621   58019 load.go:23] Could not load config from \"/Users/kunle/codes/component-library/dataconnect\": could not find dataconnect.yaml in `/Users/kunle/codes/component-library/dataconnect`\n"}}
[debug] [2025-03-17T10:06:31.240Z] E0317 11:06:31.240769   58019 load.go:23] Could not load config from "/Users/kunle/codes/component-library/dataconnect": could not find dataconnect.yaml in `/Users/kunle/codes/component-library/dataconnect`
 {"metadata":{"emulator":{"name":"dataconnect"},"message":"E0317 11:06:31.240769   58019 load.go:23] Could not load config from \"/Users/kunle/codes/component-library/dataconnect\": could not find dataconnect.yaml in `/Users/kunle/codes/component-library/dataconnect`\n"}}
[debug] [2025-03-17T10:06:41.241Z] E0317 11:06:41.240904   58019 load.go:23] Could not load config from "/Users/kunle/codes/component-library/dataconnect": could not find dataconnect.yaml in `/Users/kunle/codes/component-library/dataconnect`
 {"metadata":{"emulator":{"name":"dataconnect"},"message":"E0317 11:06:41.240904   58019 load.go:23] Could not load config from \"/Users/kunle/codes/component-library/dataconnect\": could not find dataconnect.yaml in `/Users/kunle/codes/component-library/dataconnect`\n"}}
[debug] [2025-03-17T10:06:51.249Z] E0317 11:06:51.249146   58019 load.go:23] Could not load config from "/Users/kunle/codes/component-library/dataconnect": could not find dataconnect.yaml in `/Users/kunle/codes/component-library/dataconnect`
 {"metadata":{"emulator":{"name":"dataconnect"},"message":"E0317 11:06:51.249146   58019 load.go:23] Could not load config from \"/Users/kunle/codes/component-library/dataconnect\": could not find dataconnect.yaml in `/Users/kunle/codes/component-library/dataconnect`\n"}}
[debug] [2025-03-17T10:07:01.257Z] E0317 11:07:01.257302   58019 load.go:23] Could not load config from "/Users/kunle/codes/component-library/dataconnect": could not find dataconnect.yaml in `/Users/kunle/codes/component-library/dataconnect`
 {"metadata":{"emulator":{"name":"dataconnect"},"message":"E0317 11:07:01.257302   58019 load.go:23] Could not load config from \"/Users/kunle/codes/component-library/dataconnect\": could not find dataconnect.yaml in `/Users/kunle/codes/component-library/dataconnect`\n"}}
[debug] [2025-03-17T10:07:11.261Z] E0317 11:07:11.261799   58019 load.go:23] Could not load config from "/Users/kunle/codes/component-library/dataconnect": could not find dataconnect.yaml in `/Users/kunle/codes/component-library/dataconnect`
 {"metadata":{"emulator":{"name":"dataconnect"},"message":"E0317 11:07:11.261799   58019 load.go:23] Could not load config from \"/Users/kunle/codes/component-library/dataconnect\": could not find dataconnect.yaml in `/Users/kunle/codes/component-library/dataconnect`\n"}}
[debug] [2025-03-17T10:07:21.264Z] E0317 11:07:21.264329   58019 load.go:23] Could not load config from "/Users/kunle/codes/component-library/dataconnect": could not find dataconnect.yaml in `/Users/kunle/codes/component-library/dataconnect`
 {"metadata":{"emulator":{"name":"dataconnect"},"message":"E0317 11:07:21.264329   58019 load.go:23] Could not load config from \"/Users/kunle/codes/component-library/dataconnect\": could not find dataconnect.yaml in `/Users/kunle/codes/component-library/dataconnect`\n"}}
[debug] [2025-03-17T10:07:31.266Z] E0317 11:07:31.266001   58019 load.go:23] Could not load config from "/Users/kunle/codes/component-library/dataconnect": could not find dataconnect.yaml in `/Users/kunle/codes/component-library/dataconnect`
 {"metadata":{"emulator":{"name":"dataconnect"},"message":"E0317 11:07:31.266001   58019 load.go:23] Could not load config from \"/Users/kunle/codes/component-library/dataconnect\": could not find dataconnect.yaml in `/Users/kunle/codes/component-library/dataconnect`\n"}}
[debug] [2025-03-17T10:07:41.266Z] E0317 11:07:41.266458   58019 load.go:23] Could not load config from "/Users/kunle/codes/component-library/dataconnect": could not find dataconnect.yaml in `/Users/kunle/codes/component-library/dataconnect`
 {"metadata":{"emulator":{"name":"dataconnect"},"message":"E0317 11:07:41.266458   58019 load.go:23] Could not load config from \"/Users/kunle/codes/component-library/dataconnect\": could not find dataconnect.yaml in `/Users/kunle/codes/component-library/dataconnect`\n"}}
[debug] [2025-03-17T10:07:51.267Z] E0317 11:07:51.266970   58019 load.go:23] Could not load config from "/Users/kunle/codes/component-library/dataconnect": could not find dataconnect.yaml in `/Users/kunle/codes/component-library/dataconnect`
 {"metadata":{"emulator":{"name":"dataconnect"},"message":"E0317 11:07:51.266970   58019 load.go:23] Could not load config from \"/Users/kunle/codes/component-library/dataconnect\": could not find dataconnect.yaml in `/Users/kunle/codes/component-library/dataconnect`\n"}}
[debug] [2025-03-17T10:07:51.267Z] E0317 11:07:51.267177   58019 watch.go:76] watchAllDir unable to walk dir `/Users/kunle/codes/component-library/dataconnect`: on path "/Users/kunle/codes/component-library/dataconnect" (DirEntry: <nil>): lstat /Users/kunle/codes/component-library/dataconnect: no such file or directory
 {"metadata":{"emulator":{"name":"dataconnect"},"message":"E0317 11:07:51.267177   58019 watch.go:76] watchAllDir unable to walk dir `/Users/kunle/codes/component-library/dataconnect`: on path \"/Users/kunle/codes/component-library/dataconnect\" (DirEntry: <nil>): lstat /Users/kunle/codes/component-library/dataconnect: no such file or directory\n"}}
[info] [Firebase Plugin] Stopping Data Connect toolkit
[warn] ⚠  Data Connect Emulator has exited upon receiving signal: SIGINT 
[debug] [2025-03-17T10:09:39.500Z] [Firebase Plugin] Activating Firebase extension.
[info] [Firebase Plugin] Checked firebase-tools, is up to date!
[debug] [2025-03-17T10:09:42.899Z] [Firebase Plugin] VSCode notification server listening on port 40001
[info] [Firebase Plugin] Starting Data Connect toolkit (version 1.8.5) on port 50001
[debug] [2025-03-17T10:09:43.324Z] 'fdc build' failed with error: Unable to build your Data Connect schema and connectors (exit code 1): E0317 11:09:43.321212    1359 cmd.go:43] Error loading data connect config: could not find dataconnect.yaml in `/Users/kunle/codes/component-library/dataconnect`
 {"metadata":{"emulator":{"name":"dataconnect"},"message":"'fdc build' failed with error: Unable to build your Data Connect schema and connectors (exit code 1): E0317 11:09:43.321212    1359 cmd.go:43] Error loading data connect config: could not find dataconnect.yaml in `/Users/kunle/codes/component-library/dataconnect`\n"}}
[debug] [2025-03-17T10:09:43.325Z] Ignoring unsupported arg: auto_download {"metadata":{"emulator":{"name":"dataconnect"},"message":"Ignoring unsupported arg: auto_download"}}
[debug] [2025-03-17T10:09:43.325Z] Ignoring unsupported arg: port {"metadata":{"emulator":{"name":"dataconnect"},"message":"Ignoring unsupported arg: port"}}
[debug] [2025-03-17T10:09:43.325Z] Starting Data Connect Emulator with command {"binary":"/Users/kunle/.cache/firebase/emulators/dataconnect-emulator-1.8.5","args":["--logtostderr","-v=2","dev","--listen=localhost:50001","--config_dir=/Users/kunle/codes/component-library/dataconnect","--enable_output_schema_extensions=true","--enable_output_generated_sdk=true"],"optionalArgs":["listen","config_dir","enable_output_schema_extensions","enable_output_generated_sdk"],"joinArgs":true,"shell":false,"port":9399} {"metadata":{"emulator":{"name":"dataconnect"},"message":"Starting Data Connect Emulator with command {\"binary\":\"/Users/kunle/.cache/firebase/emulators/dataconnect-emulator-1.8.5\",\"args\":[\"--logtostderr\",\"-v=2\",\"dev\",\"--listen=localhost:50001\",\"--config_dir=/Users/kunle/codes/component-library/dataconnect\",\"--enable_output_schema_extensions=true\",\"--enable_output_generated_sdk=true\"],\"optionalArgs\":[\"listen\",\"config_dir\",\"enable_output_schema_extensions\",\"enable_output_generated_sdk\"],\"joinArgs\":true,\"shell\":false,\"port\":9399}"}}
[info] i  dataconnect: Data Connect Emulator logging to dataconnect-debug.log {"metadata":{"emulator":{"name":"dataconnect"},"message":"Data Connect Emulator logging to dataconnect-debug.log"}}
[debug] [2025-03-17T10:09:43.519Z] E0317 11:09:43.508501    1360 load.go:23] Could not load config from "/Users/kunle/codes/component-library/dataconnect": could not find dataconnect.yaml in `/Users/kunle/codes/component-library/dataconnect`
E0317 11:09:43.515546    1360 watch.go:76] watchAllDir unable to walk dir `/Users/kunle/codes/component-library/dataconnect`: on path "/Users/kunle/codes/component-library/dataconnect" (DirEntry: <nil>): lstat /Users/kunle/codes/component-library/dataconnect: no such file or directory
 {"metadata":{"emulator":{"name":"dataconnect"},"message":"E0317 11:09:43.508501    1360 load.go:23] Could not load config from \"/Users/kunle/codes/component-library/dataconnect\": could not find dataconnect.yaml in `/Users/kunle/codes/component-library/dataconnect`\nE0317 11:09:43.515546    1360 watch.go:76] watchAllDir unable to walk dir `/Users/kunle/codes/component-library/dataconnect`: on path \"/Users/kunle/codes/component-library/dataconnect\" (DirEntry: <nil>): lstat /Users/kunle/codes/component-library/dataconnect: no such file or directory\n"}}
[debug] [2025-03-17T10:09:43.521Z] I0317 11:09:43.520200    1360 dev.go:95] Listening on address (HTTP + gRPC): 127.0.0.1:50001
 {"metadata":{"emulator":{"name":"dataconnect"},"message":"I0317 11:09:43.520200    1360 dev.go:95] Listening on address (HTTP + gRPC): 127.0.0.1:50001\n"}}
[error] [Firebase Plugin] error:  {}
[debug] [2025-03-17T10:09:53.518Z] E0317 11:09:53.517481    1360 load.go:23] Could not load config from "/Users/kunle/codes/component-library/dataconnect": could not find dataconnect.yaml in `/Users/kunle/codes/component-library/dataconnect`
 {"metadata":{"emulator":{"name":"dataconnect"},"message":"E0317 11:09:53.517481    1360 load.go:23] Could not load config from \"/Users/kunle/codes/component-library/dataconnect\": could not find dataconnect.yaml in `/Users/kunle/codes/component-library/dataconnect`\n"}}
[debug] [2025-03-17T10:10:03.518Z] E0317 11:10:03.517515    1360 load.go:23] Could not load config from "/Users/kunle/codes/component-library/dataconnect": could not find dataconnect.yaml in `/Users/kunle/codes/component-library/dataconnect`
 {"metadata":{"emulator":{"name":"dataconnect"},"message":"E0317 11:10:03.517515    1360 load.go:23] Could not load config from \"/Users/kunle/codes/component-library/dataconnect\": could not find dataconnect.yaml in `/Users/kunle/codes/component-library/dataconnect`\n"}}
[debug] [2025-03-17T10:10:13.517Z] E0317 11:10:13.517419    1360 load.go:23] Could not load config from "/Users/kunle/codes/component-library/dataconnect": could not find dataconnect.yaml in `/Users/kunle/codes/component-library/dataconnect`
 {"metadata":{"emulator":{"name":"dataconnect"},"message":"E0317 11:10:13.517419    1360 load.go:23] Could not load config from \"/Users/kunle/codes/component-library/dataconnect\": could not find dataconnect.yaml in `/Users/kunle/codes/component-library/dataconnect`\n"}}
[debug] [2025-03-17T10:10:23.518Z] E0317 11:10:23.517399    1360 load.go:23] Could not load config from "/Users/kunle/codes/component-library/dataconnect": could not find dataconnect.yaml in `/Users/kunle/codes/component-library/dataconnect`
 {"metadata":{"emulator":{"name":"dataconnect"},"message":"E0317 11:10:23.517399    1360 load.go:23] Could not load config from \"/Users/kunle/codes/component-library/dataconnect\": could not find dataconnect.yaml in `/Users/kunle/codes/component-library/dataconnect`\n"}}
[debug] [2025-03-17T10:10:33.518Z] E0317 11:10:33.517751    1360 load.go:23] Could not load config from "/Users/kunle/codes/component-library/dataconnect": could not find dataconnect.yaml in `/Users/kunle/codes/component-library/dataconnect`
 {"metadata":{"emulator":{"name":"dataconnect"},"message":"E0317 11:10:33.517751    1360 load.go:23] Could not load config from \"/Users/kunle/codes/component-library/dataconnect\": could not find dataconnect.yaml in `/Users/kunle/codes/component-library/dataconnect`\n"}}
[debug] [2025-03-17T10:10:43.518Z] E0317 11:10:43.518157    1360 load.go:23] Could not load config from "/Users/kunle/codes/component-library/dataconnect": could not find dataconnect.yaml in `/Users/kunle/codes/component-library/dataconnect`
 {"metadata":{"emulator":{"name":"dataconnect"},"message":"E0317 11:10:43.518157    1360 load.go:23] Could not load config from \"/Users/kunle/codes/component-library/dataconnect\": could not find dataconnect.yaml in `/Users/kunle/codes/component-library/dataconnect`\n"}}
[debug] [2025-03-17T10:10:53.518Z] E0317 11:10:53.518018    1360 load.go:23] Could not load config from "/Users/kunle/codes/component-library/dataconnect": could not find dataconnect.yaml in `/Users/kunle/codes/component-library/dataconnect`
 {"metadata":{"emulator":{"name":"dataconnect"},"message":"E0317 11:10:53.518018    1360 load.go:23] Could not load config from \"/Users/kunle/codes/component-library/dataconnect\": could not find dataconnect.yaml in `/Users/kunle/codes/component-library/dataconnect`\n"}}
[debug] [2025-03-17T10:11:03.518Z] E0317 11:11:03.518461    1360 load.go:23] Could not load config from "/Users/kunle/codes/component-library/dataconnect": could not find dataconnect.yaml in `/Users/kunle/codes/component-library/dataconnect`
 {"metadata":{"emulator":{"name":"dataconnect"},"message":"E0317 11:11:03.518461    1360 load.go:23] Could not load config from \"/Users/kunle/codes/component-library/dataconnect\": could not find dataconnect.yaml in `/Users/kunle/codes/component-library/dataconnect`\n"}}
[debug] [2025-03-17T10:11:13.518Z] E0317 11:11:13.518186    1360 load.go:23] Could not load config from "/Users/kunle/codes/component-library/dataconnect": could not find dataconnect.yaml in `/Users/kunle/codes/component-library/dataconnect`
 {"metadata":{"emulator":{"name":"dataconnect"},"message":"E0317 11:11:13.518186    1360 load.go:23] Could not load config from \"/Users/kunle/codes/component-library/dataconnect\": could not find dataconnect.yaml in `/Users/kunle/codes/component-library/dataconnect`\n"}}
[debug] [2025-03-17T10:11:23.518Z] E0317 11:11:23.518246    1360 load.go:23] Could not load config from "/Users/kunle/codes/component-library/dataconnect": could not find dataconnect.yaml in `/Users/kunle/codes/component-library/dataconnect`
 {"metadata":{"emulator":{"name":"dataconnect"},"message":"E0317 11:11:23.518246    1360 load.go:23] Could not load config from \"/Users/kunle/codes/component-library/dataconnect\": could not find dataconnect.yaml in `/Users/kunle/codes/component-library/dataconnect`\n"}}
[debug] [2025-03-17T10:11:33.519Z] E0317 11:11:33.518637    1360 load.go:23] Could not load config from "/Users/kunle/codes/component-library/dataconnect": could not find dataconnect.yaml in `/Users/kunle/codes/component-library/dataconnect`
 {"metadata":{"emulator":{"name":"dataconnect"},"message":"E0317 11:11:33.518637    1360 load.go:23] Could not load config from \"/Users/kunle/codes/component-library/dataconnect\": could not find dataconnect.yaml in `/Users/kunle/codes/component-library/dataconnect`\n"}}
[debug] [2025-03-17T10:11:43.518Z] E0317 11:11:43.518584    1360 load.go:23] Could not load config from "/Users/kunle/codes/component-library/dataconnect": could not find dataconnect.yaml in `/Users/kunle/codes/component-library/dataconnect`
 {"metadata":{"emulator":{"name":"dataconnect"},"message":"E0317 11:11:43.518584    1360 load.go:23] Could not load config from \"/Users/kunle/codes/component-library/dataconnect\": could not find dataconnect.yaml in `/Users/kunle/codes/component-library/dataconnect`\n"}}
[debug] [2025-03-17T10:11:43.520Z] E0317 11:11:43.518865    1360 watch.go:76] watchAllDir unable to walk dir `/Users/kunle/codes/component-library/dataconnect`: on path "/Users/kunle/codes/component-library/dataconnect" (DirEntry: <nil>): lstat /Users/kunle/codes/component-library/dataconnect: no such file or directory
 {"metadata":{"emulator":{"name":"dataconnect"},"message":"E0317 11:11:43.518865    1360 watch.go:76] watchAllDir unable to walk dir `/Users/kunle/codes/component-library/dataconnect`: on path \"/Users/kunle/codes/component-library/dataconnect\" (DirEntry: <nil>): lstat /Users/kunle/codes/component-library/dataconnect: no such file or directory\n"}}
[debug] [2025-03-17T10:11:53.520Z] E0317 11:11:53.520340    1360 load.go:23] Could not load config from "/Users/kunle/codes/component-library/dataconnect": could not find dataconnect.yaml in `/Users/kunle/codes/component-library/dataconnect`
 {"metadata":{"emulator":{"name":"dataconnect"},"message":"E0317 11:11:53.520340    1360 load.go:23] Could not load config from \"/Users/kunle/codes/component-library/dataconnect\": could not find dataconnect.yaml in `/Users/kunle/codes/component-library/dataconnect`\n"}}
[debug] [2025-03-17T10:12:03.519Z] E0317 11:12:03.518966    1360 load.go:23] Could not load config from "/Users/kunle/codes/component-library/dataconnect": could not find dataconnect.yaml in `/Users/kunle/codes/component-library/dataconnect`
 {"metadata":{"emulator":{"name":"dataconnect"},"message":"E0317 11:12:03.518966    1360 load.go:23] Could not load config from \"/Users/kunle/codes/component-library/dataconnect\": could not find dataconnect.yaml in `/Users/kunle/codes/component-library/dataconnect`\n"}}
[debug] [2025-03-17T10:12:13.519Z] E0317 11:12:13.519239    1360 load.go:23] Could not load config from "/Users/kunle/codes/component-library/dataconnect": could not find dataconnect.yaml in `/Users/kunle/codes/component-library/dataconnect`
 {"metadata":{"emulator":{"name":"dataconnect"},"message":"E0317 11:12:13.519239    1360 load.go:23] Could not load config from \"/Users/kunle/codes/component-library/dataconnect\": could not find dataconnect.yaml in `/Users/kunle/codes/component-library/dataconnect`\n"}}
[debug] [2025-03-17T10:12:23.519Z] E0317 11:12:23.519386    1360 load.go:23] Could not load config from "/Users/kunle/codes/component-library/dataconnect": could not find dataconnect.yaml in `/Users/kunle/codes/component-library/dataconnect`
 {"metadata":{"emulator":{"name":"dataconnect"},"message":"E0317 11:12:23.519386    1360 load.go:23] Could not load config from \"/Users/kunle/codes/component-library/dataconnect\": could not find dataconnect.yaml in `/Users/kunle/codes/component-library/dataconnect`\n"}}
[debug] [2025-03-17T10:12:33.519Z] E0317 11:12:33.519582    1360 load.go:23] Could not load config from "/Users/kunle/codes/component-library/dataconnect": could not find dataconnect.yaml in `/Users/kunle/codes/component-library/dataconnect`
 {"metadata":{"emulator":{"name":"dataconnect"},"message":"E0317 11:12:33.519582    1360 load.go:23] Could not load config from \"/Users/kunle/codes/component-library/dataconnect\": could not find dataconnect.yaml in `/Users/kunle/codes/component-library/dataconnect`\n"}}
[debug] [2025-03-17T10:12:43.518Z] E0317 11:12:43.518320    1360 load.go:23] Could not load config from "/Users/kunle/codes/component-library/dataconnect": could not find dataconnect.yaml in `/Users/kunle/codes/component-library/dataconnect`
 {"metadata":{"emulator":{"name":"dataconnect"},"message":"E0317 11:12:43.518320    1360 load.go:23] Could not load config from \"/Users/kunle/codes/component-library/dataconnect\": could not find dataconnect.yaml in `/Users/kunle/codes/component-library/dataconnect`\n"}}
[debug] [2025-03-17T10:12:53.520Z] E0317 11:12:53.519764    1360 load.go:23] Could not load config from "/Users/kunle/codes/component-library/dataconnect": could not find dataconnect.yaml in `/Users/kunle/codes/component-library/dataconnect`
 {"metadata":{"emulator":{"name":"dataconnect"},"message":"E0317 11:12:53.519764    1360 load.go:23] Could not load config from \"/Users/kunle/codes/component-library/dataconnect\": could not find dataconnect.yaml in `/Users/kunle/codes/component-library/dataconnect`\n"}}
[debug] [2025-03-17T10:13:03.520Z] E0317 11:13:03.519793    1360 load.go:23] Could not load config from "/Users/kunle/codes/component-library/dataconnect": could not find dataconnect.yaml in `/Users/kunle/codes/component-library/dataconnect`
 {"metadata":{"emulator":{"name":"dataconnect"},"message":"E0317 11:13:03.519793    1360 load.go:23] Could not load config from \"/Users/kunle/codes/component-library/dataconnect\": could not find dataconnect.yaml in `/Users/kunle/codes/component-library/dataconnect`\n"}}
[debug] [2025-03-17T10:13:13.520Z] E0317 11:13:13.520033    1360 load.go:23] Could not load config from "/Users/kunle/codes/component-library/dataconnect": could not find dataconnect.yaml in `/Users/kunle/codes/component-library/dataconnect`
 {"metadata":{"emulator":{"name":"dataconnect"},"message":"E0317 11:13:13.520033    1360 load.go:23] Could not load config from \"/Users/kunle/codes/component-library/dataconnect\": could not find dataconnect.yaml in `/Users/kunle/codes/component-library/dataconnect`\n"}}
[debug] [2025-03-17T10:13:23.520Z] E0317 11:13:23.520183    1360 load.go:23] Could not load config from "/Users/kunle/codes/component-library/dataconnect": could not find dataconnect.yaml in `/Users/kunle/codes/component-library/dataconnect`
 {"metadata":{"emulator":{"name":"dataconnect"},"message":"E0317 11:13:23.520183    1360 load.go:23] Could not load config from \"/Users/kunle/codes/component-library/dataconnect\": could not find dataconnect.yaml in `/Users/kunle/codes/component-library/dataconnect`\n"}}
[debug] [2025-03-17T10:13:33.520Z] E0317 11:13:33.520445    1360 load.go:23] Could not load config from "/Users/kunle/codes/component-library/dataconnect": could not find dataconnect.yaml in `/Users/kunle/codes/component-library/dataconnect`
 {"metadata":{"emulator":{"name":"dataconnect"},"message":"E0317 11:13:33.520445    1360 load.go:23] Could not load config from \"/Users/kunle/codes/component-library/dataconnect\": could not find dataconnect.yaml in `/Users/kunle/codes/component-library/dataconnect`\n"}}
[debug] [2025-03-17T10:13:43.520Z] E0317 11:13:43.520385    1360 load.go:23] Could not load config from "/Users/kunle/codes/component-library/dataconnect": could not find dataconnect.yaml in `/Users/kunle/codes/component-library/dataconnect`
 {"metadata":{"emulator":{"name":"dataconnect"},"message":"E0317 11:13:43.520385    1360 load.go:23] Could not load config from \"/Users/kunle/codes/component-library/dataconnect\": could not find dataconnect.yaml in `/Users/kunle/codes/component-library/dataconnect`\n"}}
[debug] [2025-03-17T10:13:43.522Z] E0317 11:13:43.520607    1360 watch.go:76] watchAllDir unable to walk dir `/Users/kunle/codes/component-library/dataconnect`: on path "/Users/kunle/codes/component-library/dataconnect" (DirEntry: <nil>): lstat /Users/kunle/codes/component-library/dataconnect: no such file or directory
 {"metadata":{"emulator":{"name":"dataconnect"},"message":"E0317 11:13:43.520607    1360 watch.go:76] watchAllDir unable to walk dir `/Users/kunle/codes/component-library/dataconnect`: on path \"/Users/kunle/codes/component-library/dataconnect\" (DirEntry: <nil>): lstat /Users/kunle/codes/component-library/dataconnect: no such file or directory\n"}}
[debug] [2025-03-17T10:13:53.521Z] E0317 11:13:53.520683    1360 load.go:23] Could not load config from "/Users/kunle/codes/component-library/dataconnect": could not find dataconnect.yaml in `/Users/kunle/codes/component-library/dataconnect`
 {"metadata":{"emulator":{"name":"dataconnect"},"message":"E0317 11:13:53.520683    1360 load.go:23] Could not load config from \"/Users/kunle/codes/component-library/dataconnect\": could not find dataconnect.yaml in `/Users/kunle/codes/component-library/dataconnect`\n"}}
[debug] [2025-03-17T10:14:03.522Z] E0317 11:14:03.521272    1360 load.go:23] Could not load config from "/Users/kunle/codes/component-library/dataconnect": could not find dataconnect.yaml in `/Users/kunle/codes/component-library/dataconnect`
 {"metadata":{"emulator":{"name":"dataconnect"},"message":"E0317 11:14:03.521272    1360 load.go:23] Could not load config from \"/Users/kunle/codes/component-library/dataconnect\": could not find dataconnect.yaml in `/Users/kunle/codes/component-library/dataconnect`\n"}}
[debug] [2025-03-17T10:14:13.521Z] E0317 11:14:13.520684    1360 load.go:23] Could not load config from "/Users/kunle/codes/component-library/dataconnect": could not find dataconnect.yaml in `/Users/kunle/codes/component-library/dataconnect`
 {"metadata":{"emulator":{"name":"dataconnect"},"message":"E0317 11:14:13.520684    1360 load.go:23] Could not load config from \"/Users/kunle/codes/component-library/dataconnect\": could not find dataconnect.yaml in `/Users/kunle/codes/component-library/dataconnect`\n"}}
[debug] [2025-03-17T10:14:23.521Z] E0317 11:14:23.520913    1360 load.go:23] Could not load config from "/Users/kunle/codes/component-library/dataconnect": could not find dataconnect.yaml in `/Users/kunle/codes/component-library/dataconnect`
 {"metadata":{"emulator":{"name":"dataconnect"},"message":"E0317 11:14:23.520913    1360 load.go:23] Could not load config from \"/Users/kunle/codes/component-library/dataconnect\": could not find dataconnect.yaml in `/Users/kunle/codes/component-library/dataconnect`\n"}}
[debug] [2025-03-17T10:14:33.521Z] E0317 11:14:33.520961    1360 load.go:23] Could not load config from "/Users/kunle/codes/component-library/dataconnect": could not find dataconnect.yaml in `/Users/kunle/codes/component-library/dataconnect`
 {"metadata":{"emulator":{"name":"dataconnect"},"message":"E0317 11:14:33.520961    1360 load.go:23] Could not load config from \"/Users/kunle/codes/component-library/dataconnect\": could not find dataconnect.yaml in `/Users/kunle/codes/component-library/dataconnect`\n"}}
[debug] [2025-03-17T10:14:43.521Z] E0317 11:14:43.521283    1360 load.go:23] Could not load config from "/Users/kunle/codes/component-library/dataconnect": could not find dataconnect.yaml in `/Users/kunle/codes/component-library/dataconnect`
 {"metadata":{"emulator":{"name":"dataconnect"},"message":"E0317 11:14:43.521283    1360 load.go:23] Could not load config from \"/Users/kunle/codes/component-library/dataconnect\": could not find dataconnect.yaml in `/Users/kunle/codes/component-library/dataconnect`\n"}}
[debug] [2025-03-17T10:14:53.521Z] E0317 11:14:53.521487    1360 load.go:23] Could not load config from "/Users/kunle/codes/component-library/dataconnect": could not find dataconnect.yaml in `/Users/kunle/codes/component-library/dataconnect`
 {"metadata":{"emulator":{"name":"dataconnect"},"message":"E0317 11:14:53.521487    1360 load.go:23] Could not load config from \"/Users/kunle/codes/component-library/dataconnect\": could not find dataconnect.yaml in `/Users/kunle/codes/component-library/dataconnect`\n"}}
[debug] [2025-03-17T10:15:03.521Z] E0317 11:15:03.521671    1360 load.go:23] Could not load config from "/Users/kunle/codes/component-library/dataconnect": could not find dataconnect.yaml in `/Users/kunle/codes/component-library/dataconnect`
 {"metadata":{"emulator":{"name":"dataconnect"},"message":"E0317 11:15:03.521671    1360 load.go:23] Could not load config from \"/Users/kunle/codes/component-library/dataconnect\": could not find dataconnect.yaml in `/Users/kunle/codes/component-library/dataconnect`\n"}}
